<?xml version="1.0" encoding="UTF-8"?>
<testng-results ignored="0" total="6" passed="6" failed="0" skipped="0">
  <reporter-output>
  </reporter-output>
  <suite started-at="2025-01-23T14:12:38 IST" name="Default suite" finished-at="2025-01-23T14:13:30 IST" duration-ms="52052">
    <groups>
    </groups>
    <test started-at="2025-01-23T14:12:38 IST" name="Default test" finished-at="2025-01-23T14:13:30 IST" duration-ms="52052">
      <class name="POM.CapstoneProject01.BookedItineraryTest">
        <test-method is-config="true" signature="setUp()[pri:0, instance:POM.CapstoneProject01.BookedItineraryTest@489115ef]" started-at="2025-01-23T14:12:38 IST" name="setUp" finished-at="2025-01-23T14:12:48 IST" duration-ms="10681" status="PASS">
          <reporter-output>
          </reporter-output>
        </test-method> <!-- setUp -->
        <test-method signature="searchAndSelectHotel()[pri:1, instance:POM.CapstoneProject01.BookedItineraryTest@489115ef]" started-at="2025-01-23T14:12:48 IST" name="searchAndSelectHotel" finished-at="2025-01-23T14:13:05 IST" duration-ms="16109" status="PASS">
          <reporter-output>
          </reporter-output>
        </test-method> <!-- searchAndSelectHotel -->
        <test-method signature="testBookHotelWithAllFields()[pri:2, instance:POM.CapstoneProject01.BookedItineraryTest@489115ef]" started-at="2025-01-23T14:13:05 IST" name="testBookHotelWithAllFields" finished-at="2025-01-23T14:13:17 IST" duration-ms="12534" status="PASS">
          <reporter-output>
          </reporter-output>
        </test-method> <!-- testBookHotelWithAllFields -->
        <test-method signature="testCancelSelectedHotel()[pri:3, instance:POM.CapstoneProject01.BookedItineraryTest@489115ef]" started-at="2025-01-23T14:13:17 IST" name="testCancelSelectedHotel" finished-at="2025-01-23T14:13:20 IST" duration-ms="3328" status="PASS">
          <reporter-output>
          </reporter-output>
        </test-method> <!-- testCancelSelectedHotel -->
        <test-method signature="testSearchOrderId()[pri:4, instance:POM.CapstoneProject01.BookedItineraryTest@489115ef]" started-at="2025-01-23T14:13:20 IST" name="testSearchOrderId" finished-at="2025-01-23T14:13:24 IST" duration-ms="3846" status="PASS">
          <reporter-output>
          </reporter-output>
        </test-method> <!-- testSearchOrderId -->
        <test-method signature="testSearchOrderIdAndClickShowAll()[pri:5, instance:POM.CapstoneProject01.BookedItineraryTest@489115ef]" started-at="2025-01-23T14:13:24 IST" name="testSearchOrderIdAndClickShowAll" finished-at="2025-01-23T14:13:26 IST" duration-ms="1453" status="PASS">
          <reporter-output>
          </reporter-output>
        </test-method> <!-- testSearchOrderIdAndClickShowAll -->
        <test-method signature="testCancelButtonInTable()[pri:6, instance:POM.CapstoneProject01.BookedItineraryTest@489115ef]" started-at="2025-01-23T14:13:26 IST" name="testCancelButtonInTable" finished-at="2025-01-23T14:13:30 IST" duration-ms="3807" status="PASS">
          <reporter-output>
          </reporter-output>
        </test-method> <!-- testCancelButtonInTable -->
        <test-method is-config="true" signature="tearDown()[pri:0, instance:POM.CapstoneProject01.BookedItineraryTest@489115ef]" started-at="2025-01-23T14:13:30 IST" name="tearDown" finished-at="2025-01-23T14:13:30 IST" duration-ms="228" status="PASS">
          <reporter-output>
          </reporter-output>
        </test-method> <!-- tearDown -->
      </class> <!-- POM.CapstoneProject01.BookedItineraryTest -->
    </test> <!-- Default test -->
  </suite> <!-- Default suite -->
</testng-results>
