<?xml version="1.0" encoding="UTF-8"?>
<!-- Generated by org.testng.reporters.JUnitXMLReporter -->
<testsuite ignored="0" hostname="LAPTOP-ECIVHE0M" failures="0" tests="6" name="Default test" time="52.052" errors="0" timestamp="2025-01-23T14:13:30 IST">
  <testcase classname="POM.CapstoneProject01.BookedItineraryTest" name="searchAndSelectHotel" time="16.109"/>
  <testcase classname="POM.CapstoneProject01.BookedItineraryTest" name="testBookHotelWithAllFields" time="12.534"/>
  <testcase classname="POM.CapstoneProject01.BookedItineraryTest" name="testCancelSelectedHotel" time="3.328"/>
  <testcase classname="POM.CapstoneProject01.BookedItineraryTest" name="testSearchOrderId" time="3.846"/>
  <testcase classname="POM.CapstoneProject01.BookedItineraryTest" name="testSearchOrderIdAndClickShowAll" time="1.453"/>
  <testcase classname="POM.CapstoneProject01.BookedItineraryTest" name="testCancelButtonInTable" time="3.807"/>
</testsuite> <!-- Default test -->
